# JRE version: OpenJDK Runtime Environment (11.0.10) (build 11.0.10+0-b96-7249189)
# Java VM: OpenJDK 64-Bit Server VM (11.0.10+0-b96-7249189, mixed mode, tiered, compressed oops, g1 gc, windows-amd64)
Heap:
 garbage-first heap   total 792576K, used 169884K [0x0000000080000000, 0x0000000100000000)
  region size 1024K, 2 young (2048K), 2 survivors (2048K)
 Metaspace       used 119800K, capacity 123298K, committed 123392K, reserved 1157120K
  class space    used 15040K, capacity 16350K, committed 16384K, reserved 1048576K
GC Heap History (20 events):
Event: 783.762 GC heap after
{Heap after GC invocations=198 (full 0):
 garbage-first heap   total 162816K, used 129469K [0x0000000080000000, 0x0000000100000000)
  region size 1024K, 1 young (1024K), 1 survivors (1024K)
 Metaspace       used 117676K, capacity 120888K, committed 121088K, reserved 1155072K
  class space    used 14873K, capacity 16107K, committed 16128K, reserved 1048576K
}
Event: 783.796 GC heap before
{Heap before GC invocations=198 (full 0):
 garbage-first heap   total 162816K, used 136637K [0x0000000080000000, 0x0000000100000000)
  region size 1024K, 8 young (8192K), 1 survivors (1024K)
 Metaspace       used 117683K, capacity 120889K, committed 121088K, reserved 1155072K
  class space    used 14873K, capacity 16107K, committed 16128K, reserved 1048576K
}
Event: 783.813 GC heap after
{Heap after GC invocations=199 (full 0):
 garbage-first heap   total 231424K, used 133120K [0x0000000080000000, 0x0000000100000000)
  region size 1024K, 1 young (1024K), 1 survivors (1024K)
 Metaspace       used 117683K, capacity 120889K, committed 121088K, reserved 1155072K
  class space    used 14873K, capacity 16107K, committed 16128K, reserved 1048576K
}
Event: 784.220 GC heap before
{Heap before GC invocations=199 (full 0):
 garbage-first heap   total 231424K, used 159744K [0x0000000080000000, 0x0000000100000000)
  region size 1024K, 27 young (27648K), 1 survivors (1024K)
 Metaspace       used 117827K, capacity 121111K, committed 121344K, reserved 1155072K
  class space    used 14884K, capacity 16114K, committed 16128K, reserved 1048576K
}
Event: 784.249 GC heap after
{Heap after GC invocations=200 (full 0):
 garbage-first heap   total 231424K, used 145226K [0x0000000080000000, 0x0000000100000000)
  region size 1024K, 4 young (4096K), 4 survivors (4096K)
 Metaspace       used 117827K, capacity 121111K, committed 121344K, reserved 1155072K
  class space    used 14884K, capacity 16114K, committed 16128K, reserved 1048576K
}
Event: 784.965 GC heap before
{Heap before GC invocations=201 (full 0):
 garbage-first heap   total 231424K, used 166730K [0x0000000080000000, 0x0000000100000000)
  region size 1024K, 27 young (27648K), 4 survivors (4096K)
 Metaspace       used 118118K, capacity 121488K, committed 121728K, reserved 1155072K
  class space    used 14935K, capacity 16193K, committed 16256K, reserved 1048576K
}
Event: 785.001 GC heap after
{Heap after GC invocations=202 (full 0):
 garbage-first heap   total 231424K, used 148304K [0x0000000080000000, 0x0000000100000000)
  region size 1024K, 4 young (4096K), 4 survivors (4096K)
 Metaspace       used 118118K, capacity 121488K, committed 121728K, reserved 1155072K
  class space    used 14935K, capacity 16193K, committed 16256K, reserved 1048576K
}
Event: 785.209 GC heap before
{Heap before GC invocations=202 (full 0):
 garbage-first heap   total 231424K, used 172880K [0x0000000080000000, 0x0000000100000000)
  region size 1024K, 28 young (28672K), 4 survivors (4096K)
 Metaspace       used 118212K, capacity 121578K, committed 121728K, reserved 1155072K
  class space    used 14937K, capacity 16197K, committed 16256K, reserved 1048576K
}
Event: 785.230 GC heap after
{Heap after GC invocations=203 (full 0):
 garbage-first heap   total 231424K, used 151095K [0x0000000080000000, 0x0000000100000000)
  region size 1024K, 3 young (3072K), 3 survivors (3072K)
 Metaspace       used 118212K, capacity 121578K, committed 121728K, reserved 1155072K
  class space    used 14937K, capacity 16197K, committed 16256K, reserved 1048576K
}
Event: 785.612 GC heap before
{Heap before GC invocations=203 (full 0):
 garbage-first heap   total 231424K, used 177719K [0x0000000080000000, 0x0000000100000000)
  region size 1024K, 28 young (28672K), 3 survivors (3072K)
 Metaspace       used 118246K, capacity 121579K, committed 121728K, reserved 1155072K
  class space    used 14937K, capacity 16197K, committed 16256K, reserved 1048576K
}
Event: 785.653 GC heap after
{Heap after GC invocations=204 (full 0):
 garbage-first heap   total 465920K, used 154727K [0x0000000080000000, 0x0000000100000000)
  region size 1024K, 4 young (4096K), 4 survivors (4096K)
 Metaspace       used 118246K, capacity 121579K, committed 121728K, reserved 1155072K
  class space    used 14937K, capacity 16197K, committed 16256K, reserved 1048576K
}
Event: 786.494 GC heap before
{Heap before GC invocations=205 (full 0):
 garbage-first heap   total 465920K, used 164967K [0x0000000080000000, 0x0000000100000000)
  region size 1024K, 20 young (20480K), 4 survivors (4096K)
 Metaspace       used 118256K, capacity 121577K, committed 121728K, reserved 1155072K
  class space    used 14936K, capacity 16195K, committed 16256K, reserved 1048576K
}
Event: 786.548 GC heap after
{Heap after GC invocations=206 (full 0):
 garbage-first heap   total 465920K, used 151645K [0x0000000080000000, 0x0000000100000000)
  region size 1024K, 5 young (5120K), 5 survivors (5120K)
 Metaspace       used 118256K, capacity 121577K, committed 121728K, reserved 1155072K
  class space    used 14936K, capacity 16195K, committed 16256K, reserved 1048576K
}
Event: 787.563 GC heap before
{Heap before GC invocations=207 (full 0):
 garbage-first heap   total 465920K, used 207965K [0x0000000080000000, 0x0000000100000000)
  region size 1024K, 58 young (59392K), 5 survivors (5120K)
 Metaspace       used 118377K, capacity 121755K, committed 121984K, reserved 1155072K
  class space    used 14939K, capacity 16200K, committed 16256K, reserved 1048576K
}
Event: 787.608 GC heap after
{Heap after GC invocations=208 (full 0):
 garbage-first heap   total 465920K, used 164845K [0x0000000080000000, 0x0000000100000000)
  region size 1024K, 14 young (14336K), 14 survivors (14336K)
 Metaspace       used 118377K, capacity 121755K, committed 121984K, reserved 1155072K
  class space    used 14939K, capacity 16200K, committed 16256K, reserved 1048576K
}
Event: 800.682 GC heap before
{Heap before GC invocations=209 (full 0):
 garbage-first heap   total 465920K, used 295917K [0x0000000080000000, 0x0000000100000000)
  region size 1024K, 139 young (142336K), 14 survivors (14336K)
 Metaspace       used 118965K, capacity 122171K, committed 122240K, reserved 1155072K
  class space    used 14964K, capacity 16203K, committed 16256K, reserved 1048576K
}
Event: 800.721 GC heap after
{Heap after GC invocations=210 (full 0):
 garbage-first heap   total 465920K, used 153437K [0x0000000080000000, 0x0000000100000000)
  region size 1024K, 7 young (7168K), 7 survivors (7168K)
 Metaspace       used 118965K, capacity 122171K, committed 122240K, reserved 1155072K
  class space    used 14964K, capacity 16203K, committed 16256K, reserved 1048576K
}
Event: 836.386 GC heap before
{Heap before GC invocations=211 (full 0):
 garbage-first heap   total 465920K, used 403293K [0x0000000080000000, 0x0000000100000000)
  region size 1024K, 228 young (233472K), 7 survivors (7168K)
 Metaspace       used 119795K, capacity 123298K, committed 123392K, reserved 1157120K
  class space    used 15040K, capacity 16350K, committed 16384K, reserved 1048576K
}
Event: 836.829 GC heap after
{Heap after GC invocations=212 (full 0):
 garbage-first heap   total 465920K, used 189349K [0x0000000080000000, 0x0000000100000000)
  region size 1024K, 29 young (29696K), 29 survivors (29696K)
 Metaspace       used 119795K, capacity 123298K, committed 123392K, reserved 1157120K
  class space    used 15040K, capacity 16350K, committed 16384K, reserved 1048576K
}
Event: 837.221 GC heap before
{Heap before GC invocations=212 (full 0):
 garbage-first heap   total 465920K, used 190373K [0x0000000080000000, 0x0000000100000000)
  region size 1024K, 30 young (30720K), 29 survivors (29696K)
 Metaspace       used 119800K, capacity 123298K, committed 123392K, reserved 1157120K
  class space    used 15040K, capacity 16350K, committed 16384K, reserved 1048576K
}

